[90m[오전 4:17:14][39m [33m[Warning][39m 디스코드 봇에 연결을 시도하고 있습니다... (1)
[90m[오전 4:17:15][39m [34m[Info][39m 새로운 메시지 명령어 로드 완료: messagecommand-reload.js
[90m[오전 4:17:15][39m [34m[Info][39m 새로운 애플리케이션 명령어 로드 완료: slashcommand-reload.js
[90m[오전 4:17:15][39m [34m[Info][39m 새로운 애플리케이션 명령어 로드 완료: api-status.js
[90m[오전 4:17:15][39m [34m[Info][39m 새로운 애플리케이션 명령어 로드 완료: ban.js
[90m[오전 4:17:15][39m [34m[Info][39m 새로운 애플리케이션 명령어 로드 완료: kick.js
[90m[오전 4:17:15][39m [34m[Info][39m 새로운 애플리케이션 명령어 로드 완료: server-join.js
[90m[오전 4:17:15][39m [34m[Info][39m 새로운 애플리케이션 명령어 로드 완료: system.js
[90m[오전 4:17:15][39m [34m[Info][39m 새로운 애플리케이션 명령어 로드 완료: play.js
[90m[오전 4:17:15][39m [34m[Info][39m 새로운 애플리케이션 명령어 로드 완료: playlist.js
[90m[오전 4:17:15][39m [34m[Info][39m 새로운 애플리케이션 명령어 로드 완료: queue.js
[90m[오전 4:17:15][39m [34m[Info][39m 새로운 애플리케이션 명령어 로드 완료: stop.js
[90m[오전 4:17:15][39m [34m[Info][39m 새로운 애플리케이션 명령어 로드 완료: warn.js
[90m[오전 4:17:15][39m [32m[OK][39m 성공적으로 11개의 애플리케이션 명령어와 1개의 메시지 명령어를 로드했습니다.
[90m[오전 4:17:15][39m [32m[OK][39m 성공적으로 0개의 컴포넌트를 로드했습니다.
[90m[오전 4:17:15][39m [34m[Info][39m 새로운 이벤트 로드 완료: onReady.js
[90m[오전 4:17:15][39m [34m[Info][39m 새로운 이벤트 로드 완료: guildCreate.js
[90m[오전 4:17:15][39m [32m[OK][39m 성공적으로 2개의 이벤트를 로드했습니다.
[90m[오전 4:17:15][39m [33m[Warning][39m 애플리케이션 커맨드를 등록하려고 시도하고 있습니다... (조금 시간이 걸릴 수 있습니다!)
[90m[오전 4:17:15][39m [32m[OK][39m 애플리케이션 커맨드가 성공적으로 등록되었습니다. 개발자 모드가 활성화 되어 있습니다.
